0 info it worked if it ends with ok
1 verbose cli [ '/opt/node/bin/node',
1 verbose cli   '/opt/node/bin/npm',
1 verbose cli   'install',
1 verbose cli   'mute-stream' ]
2 info using npm@1.2.15
3 info using node@v0.10.2
4 verbose read json /home/pi/app/first/package.json
5 warn package.json first@0.0.0 No README.md file found!
6 verbose read json /home/pi/app/first/node_modules/bcrypt/package.json
7 verbose read json /home/pi/app/first/node_modules/connect-livereload/package.json
8 verbose read json /home/pi/app/first/node_modules/connect-mongo/package.json
9 verbose read json /home/pi/app/first/node_modules/ejs/package.json
10 verbose read json /home/pi/app/first/node_modules/express/package.json
11 verbose read json /home/pi/app/first/node_modules/grunt/package.json
12 verbose read json /home/pi/app/first/node_modules/grunt-autoprefixer/package.json
13 verbose read json /home/pi/app/first/node_modules/grunt-bower-install/package.json
14 verbose read json /home/pi/app/first/node_modules/grunt-concurrent/package.json
15 verbose read json /home/pi/app/first/node_modules/grunt-contrib-clean/package.json
16 verbose read json /home/pi/app/first/node_modules/grunt-contrib-coffee/package.json
17 verbose read json /home/pi/app/first/node_modules/grunt-contrib-compass/package.json
18 verbose read json /home/pi/app/first/node_modules/grunt-contrib-concat/package.json
19 verbose read json /home/pi/app/first/node_modules/grunt-contrib-copy/package.json
20 verbose read json /home/pi/app/first/node_modules/grunt-contrib-cssmin/package.json
21 verbose read json /home/pi/app/first/node_modules/grunt-contrib-htmlmin/package.json
22 verbose read json /home/pi/app/first/node_modules/grunt-contrib-imagemin/package.json
23 verbose read json /home/pi/app/first/node_modules/grunt-contrib-jshint/package.json
24 verbose read json /home/pi/app/first/node_modules/grunt-contrib-uglify/package.json
25 verbose read json /home/pi/app/first/node_modules/grunt-contrib-watch/package.json
26 verbose read json /home/pi/app/first/node_modules/grunt-express-server/package.json
27 verbose read json /home/pi/app/first/node_modules/grunt-google-cdn/package.json
28 verbose read json /home/pi/app/first/node_modules/grunt-karma/package.json
29 verbose read json /home/pi/app/first/node_modules/grunt-newer/package.json
30 verbose read json /home/pi/app/first/node_modules/grunt-ngmin/package.json
31 verbose read json /home/pi/app/first/node_modules/grunt-open/package.json
32 verbose read json /home/pi/app/first/node_modules/grunt-rev/package.json
33 verbose read json /home/pi/app/first/node_modules/grunt-svgmin/package.json
34 verbose read json /home/pi/app/first/node_modules/grunt-usemin/package.json
35 verbose read json /home/pi/app/first/node_modules/jpegtran-bin/package.json
36 verbose read json /home/pi/app/first/node_modules/jshint-stylish/package.json
37 verbose read json /home/pi/app/first/node_modules/karma/package.json
38 verbose read json /home/pi/app/first/node_modules/karma-chrome-launcher/package.json
39 verbose read json /home/pi/app/first/node_modules/karma-coffee-preprocessor/package.json
40 verbose read json /home/pi/app/first/node_modules/karma-firefox-launcher/package.json
41 verbose read json /home/pi/app/first/node_modules/karma-html2js-preprocessor/package.json
42 verbose read json /home/pi/app/first/node_modules/karma-jasmine/package.json
43 verbose read json /home/pi/app/first/node_modules/karma-ng-html2js-preprocessor/package.json
44 verbose read json /home/pi/app/first/node_modules/karma-ng-scenario/package.json
45 verbose read json /home/pi/app/first/node_modules/karma-phantomjs-launcher/package.json
46 verbose read json /home/pi/app/first/node_modules/karma-requirejs/package.json
47 verbose read json /home/pi/app/first/node_modules/karma-script-launcher/package.json
48 verbose read json /home/pi/app/first/node_modules/load-grunt-tasks/package.json
49 verbose read json /home/pi/app/first/node_modules/lodash/package.json
50 verbose read json /home/pi/app/first/node_modules/mongoose/package.json
51 verbose read json /home/pi/app/first/node_modules/mongoose-unique-validator/package.json
52 verbose read json /home/pi/app/first/node_modules/passport/package.json
53 verbose read json /home/pi/app/first/node_modules/passport-local/package.json
54 verbose read json /home/pi/app/first/node_modules/requirejs/package.json
55 verbose read json /home/pi/app/first/node_modules/time-grunt/package.json
56 verbose from cache /home/pi/app/first/package.json
57 verbose readDependencies using package.json deps
58 verbose cache add [ 'mute-stream', null ]
59 verbose cache add name=undefined spec="mute-stream" args=["mute-stream",null]
60 verbose parsed url { protocol: null,
60 verbose parsed url   slashes: null,
60 verbose parsed url   auth: null,
60 verbose parsed url   host: null,
60 verbose parsed url   port: null,
60 verbose parsed url   hostname: null,
60 verbose parsed url   hash: null,
60 verbose parsed url   search: null,
60 verbose parsed url   query: null,
60 verbose parsed url   pathname: 'mute-stream',
60 verbose parsed url   path: 'mute-stream',
60 verbose parsed url   href: 'mute-stream' }
61 silly lockFile 6661b867-mute-stream mute-stream
62 verbose lock mute-stream /home/pi/.npm/6661b867-mute-stream.lock
63 silly lockFile 6661b867-mute-stream mute-stream
64 silly lockFile 6661b867-mute-stream mute-stream
65 verbose addNamed [ 'mute-stream', '' ]
66 verbose addNamed [ null, '' ]
67 silly lockFile 639b1116-mute-stream mute-stream@
68 verbose lock mute-stream@ /home/pi/.npm/639b1116-mute-stream.lock
69 silly addNameRange { name: 'mute-stream', range: '', hasData: false }
70 verbose url raw mute-stream
71 verbose url resolving [ 'https://registry.npmjs.org/', './mute-stream' ]
72 verbose url resolved https://registry.npmjs.org/mute-stream
73 info trying registry request attempt 1 at 15:29:04
74 verbose etag "DUV2HG5K6KV7BNDO38QW8Y1JC"
75 http GET https://registry.npmjs.org/mute-stream
76 http 304 https://registry.npmjs.org/mute-stream
77 silly registry.get cb [ 304,
77 silly registry.get   { date: 'Mon, 13 Jan 2014 15:29:06 GMT',
77 silly registry.get     server: 'Apache',
77 silly registry.get     connection: 'Keep-Alive',
77 silly registry.get     'keep-alive': 'timeout=10, max=50',
77 silly registry.get     etag: '"DUV2HG5K6KV7BNDO38QW8Y1JC"',
77 silly registry.get     vary: 'Accept' } ]
78 verbose etag mute-stream from cache
79 silly addNameRange number 2 { name: 'mute-stream', range: '', hasData: true }
80 silly addNameRange versions [ 'mute-stream', [ '0.0.1', '0.0.2', '0.0.3', '0.0.4' ] ]
81 verbose addNamed [ 'mute-stream', '0.0.4' ]
82 verbose addNamed [ '0.0.4', '0.0.4' ]
83 silly lockFile 71666a8b-mute-stream-0-0-4 mute-stream@0.0.4
84 verbose lock mute-stream@0.0.4 /home/pi/.npm/71666a8b-mute-stream-0-0-4.lock
85 verbose read json /home/pi/.npm/mute-stream/0.0.4/package/package.json
86 silly lockFile 71666a8b-mute-stream-0-0-4 mute-stream@0.0.4
87 silly lockFile 71666a8b-mute-stream-0-0-4 mute-stream@0.0.4
88 silly lockFile 639b1116-mute-stream mute-stream@
89 silly lockFile 639b1116-mute-stream mute-stream@
90 error Failed to parse json
90 error Unexpected end of input
91 error File: /home/pi/.npm/mute-stream/0.0.4/package/package.json
92 error Failed to parse package.json data.
92 error package.json must be actual JSON, not just JavaScript.
92 error
92 error This is not a bug in npm.
92 error Tell the package author to fix their package.json file. JSON.parse
93 error System Linux 3.10.25+
94 error command "/opt/node/bin/node" "/opt/node/bin/npm" "install" "mute-stream"
95 error cwd /home/pi/app/first
96 error node -v v0.10.2
97 error npm -v 1.2.15
98 error file /home/pi/.npm/mute-stream/0.0.4/package/package.json
99 error code EJSONPARSE
100 verbose exit [ 1, true ]
